[INFO] [2017-10-21 09:55:17][org.springframework.test.context.support.DefaultTestContextBootstrapper]Loaded default TestExecutionListener class names from location [META-INF/spring.factories]: [org.springframework.test.context.web.ServletTestExecutionListener, org.springframework.test.context.support.DirtiesContextBeforeModesTestExecutionListener, org.springframework.test.context.support.DependencyInjectionTestExecutionListener, org.springframework.test.context.support.DirtiesContextTestExecutionListener, org.springframework.test.context.transaction.TransactionalTestExecutionListener, org.springframework.test.context.jdbc.SqlScriptsTestExecutionListener]
[INFO] [2017-10-21 09:55:17][org.springframework.test.context.support.DefaultTestContextBootstrapper]Could not instantiate TestExecutionListener [org.springframework.test.context.transaction.TransactionalTestExecutionListener]. Specify custom listener classes or make the default listener classes (and their required dependencies) available. Offending class: [org/springframework/transaction/interceptor/TransactionAttributeSource]
[INFO] [2017-10-21 09:55:17][org.springframework.test.context.support.DefaultTestContextBootstrapper]Could not instantiate TestExecutionListener [org.springframework.test.context.jdbc.SqlScriptsTestExecutionListener]. Specify custom listener classes or make the default listener classes (and their required dependencies) available. Offending class: [org/springframework/transaction/interceptor/TransactionAttribute]
[INFO] [2017-10-21 09:55:17][org.springframework.test.context.support.DefaultTestContextBootstrapper]Could not instantiate TestExecutionListener [org.springframework.test.context.web.ServletTestExecutionListener]. Specify custom listener classes or make the default listener classes (and their required dependencies) available. Offending class: [javax/servlet/ServletContext]
[INFO] [2017-10-21 09:55:17][org.springframework.test.context.support.DefaultTestContextBootstrapper]Using TestExecutionListeners: [org.springframework.test.context.support.DirtiesContextBeforeModesTestExecutionListener@17550481, org.springframework.test.context.support.DependencyInjectionTestExecutionListener@735f7ae5, org.springframework.test.context.support.DirtiesContextTestExecutionListener@180bc464]
[INFO] [2017-10-21 09:55:17][org.springframework.context.support.ClassPathXmlApplicationContext]Refreshing org.springframework.context.support.ClassPathXmlApplicationContext@51081592: startup date [Sat Oct 21 09:55:17 CST 2017]; root of context hierarchy
[INFO] [2017-10-21 09:55:18][org.springframework.beans.factory.xml.XmlBeanDefinitionReader]Loading XML bean definitions from file [E:\IdeaProject\SpringAOP\target\classes\spring\spring-config.xml]
[INFO] [2017-10-21 09:55:18][org.springframework.context.support.GenericApplicationContext]Refreshing org.springframework.context.support.GenericApplicationContext@25bbf683: startup date [Sat Oct 21 09:55:18 CST 2017]; root of context hierarchy
[INFO] [2017-10-21 09:55:18][org.springframework.context.support.GenericApplicationContext]Closing org.springframework.context.support.GenericApplicationContext@25bbf683: startup date [Sat Oct 21 09:55:18 CST 2017]; root of context hierarchy
[INFO] [2017-10-21 09:56:23][org.springframework.context.support.ClassPathXmlApplicationContext]Refreshing org.springframework.context.support.ClassPathXmlApplicationContext@5c0369c4: startup date [Sat Oct 21 09:56:23 CST 2017]; root of context hierarchy
[INFO] [2017-10-21 09:57:04][org.springframework.context.support.ClassPathXmlApplicationContext]Refreshing org.springframework.context.support.ClassPathXmlApplicationContext@3ac42916: startup date [Sat Oct 21 09:57:04 CST 2017]; root of context hierarchy
[INFO] [2017-10-21 09:57:56][org.springframework.context.support.ClassPathXmlApplicationContext]Refreshing org.springframework.context.support.ClassPathXmlApplicationContext@3ac42916: startup date [Sat Oct 21 09:57:56 CST 2017]; root of context hierarchy
[INFO] [2017-10-21 09:58:09][org.springframework.context.support.ClassPathXmlApplicationContext]Refreshing org.springframework.context.support.ClassPathXmlApplicationContext@3ac42916: startup date [Sat Oct 21 09:58:09 CST 2017]; root of context hierarchy
[INFO] [2017-10-21 09:58:33][org.springframework.context.support.ClassPathXmlApplicationContext]Refreshing org.springframework.context.support.ClassPathXmlApplicationContext@3ac42916: startup date [Sat Oct 21 09:58:33 CST 2017]; root of context hierarchy
[INFO] [2017-10-21 09:59:07][org.springframework.context.support.ClassPathXmlApplicationContext]Refreshing org.springframework.context.support.ClassPathXmlApplicationContext@3ac42916: startup date [Sat Oct 21 09:59:07 CST 2017]; root of context hierarchy
[INFO] [2017-10-21 09:59:51][org.springframework.context.support.ClassPathXmlApplicationContext]Refreshing org.springframework.context.support.ClassPathXmlApplicationContext@3ac42916: startup date [Sat Oct 21 09:59:51 CST 2017]; root of context hierarchy
[INFO] [2017-10-21 10:00:01][org.springframework.context.support.ClassPathXmlApplicationContext]Refreshing org.springframework.context.support.ClassPathXmlApplicationContext@1990a65e: startup date [Sat Oct 21 10:00:01 CST 2017]; root of context hierarchy
[INFO] [2017-10-21 10:01:48][org.springframework.context.support.ClassPathXmlApplicationContext]Refreshing org.springframework.context.support.ClassPathXmlApplicationContext@3ac42916: startup date [Sat Oct 21 10:01:48 CST 2017]; root of context hierarchy
[INFO] [2017-10-21 10:02:14][org.springframework.context.support.ClassPathXmlApplicationContext]Refreshing org.springframework.context.support.ClassPathXmlApplicationContext@3ac42916: startup date [Sat Oct 21 10:02:14 CST 2017]; root of context hierarchy
[INFO] [2017-10-21 10:02:42][org.springframework.context.support.ClassPathXmlApplicationContext]Refreshing org.springframework.context.support.ClassPathXmlApplicationContext@3ac42916: startup date [Sat Oct 21 10:02:42 CST 2017]; root of context hierarchy
[INFO] [2017-10-21 10:03:44][org.springframework.context.support.ClassPathXmlApplicationContext]Refreshing org.springframework.context.support.ClassPathXmlApplicationContext@3ac42916: startup date [Sat Oct 21 10:03:44 CST 2017]; root of context hierarchy
[INFO] [2017-10-21 10:03:58][org.springframework.context.support.ClassPathXmlApplicationContext]Refreshing org.springframework.context.support.ClassPathXmlApplicationContext@3ac42916: startup date [Sat Oct 21 10:03:58 CST 2017]; root of context hierarchy
[INFO] [2017-10-21 10:06:08][org.springframework.context.support.ClassPathXmlApplicationContext]Refreshing org.springframework.context.support.ClassPathXmlApplicationContext@3ac42916: startup date [Sat Oct 21 10:06:08 CST 2017]; root of context hierarchy
[INFO] [2017-10-21 10:06:08][org.springframework.beans.factory.xml.XmlBeanDefinitionReader]Loading XML bean definitions from file [E:\IdeaProject\SpringAOP\target\classes\spring\spring-config.xml]
[INFO] [2017-10-21 10:07:00][org.springframework.context.support.ClassPathXmlApplicationContext]Refreshing org.springframework.context.support.ClassPathXmlApplicationContext@3ac42916: startup date [Sat Oct 21 10:07:00 CST 2017]; root of context hierarchy
[INFO] [2017-10-21 10:07:00][org.springframework.beans.factory.xml.XmlBeanDefinitionReader]Loading XML bean definitions from file [E:\IdeaProject\SpringAOP\target\classes\spring\spring-config.xml]
[INFO] [2017-10-22 08:45:59][org.springframework.context.support.ClassPathXmlApplicationContext]Refreshing org.springframework.context.support.ClassPathXmlApplicationContext@3ac42916: startup date [Sun Oct 22 08:45:59 CST 2017]; root of context hierarchy
[INFO] [2017-10-22 08:45:59][org.springframework.beans.factory.xml.XmlBeanDefinitionReader]Loading XML bean definitions from file [E:\IdeaProject\SpringAOP\target\classes\spring\spring-config.xml]
[INFO] [2017-10-22 08:53:27][org.springframework.context.support.ClassPathXmlApplicationContext]Refreshing org.springframework.context.support.ClassPathXmlApplicationContext@3ac42916: startup date [Sun Oct 22 08:53:27 CST 2017]; root of context hierarchy
[INFO] [2017-10-22 08:53:27][org.springframework.beans.factory.xml.XmlBeanDefinitionReader]Loading XML bean definitions from file [E:\IdeaProject\SpringAOP\target\classes\spring\spring-config.xml]
[INFO] [2017-10-22 08:53:56][org.springframework.context.support.ClassPathXmlApplicationContext]Refreshing org.springframework.context.support.ClassPathXmlApplicationContext@3ac42916: startup date [Sun Oct 22 08:53:56 CST 2017]; root of context hierarchy
[INFO] [2017-10-22 08:53:56][org.springframework.beans.factory.xml.XmlBeanDefinitionReader]Loading XML bean definitions from file [E:\IdeaProject\SpringAOP\target\classes\spring\spring-config.xml]
[INFO] [2017-10-22 08:54:49][org.springframework.context.support.ClassPathXmlApplicationContext]Refreshing org.springframework.context.support.ClassPathXmlApplicationContext@3ac42916: startup date [Sun Oct 22 08:54:49 CST 2017]; root of context hierarchy
[INFO] [2017-10-22 08:54:49][org.springframework.beans.factory.xml.XmlBeanDefinitionReader]Loading XML bean definitions from file [E:\IdeaProject\SpringAOP\target\classes\spring\spring-config.xml]
[INFO] [2017-10-22 08:55:41][org.springframework.context.support.ClassPathXmlApplicationContext]Refreshing org.springframework.context.support.ClassPathXmlApplicationContext@3ac42916: startup date [Sun Oct 22 08:55:41 CST 2017]; root of context hierarchy
[INFO] [2017-10-22 08:55:41][org.springframework.beans.factory.xml.XmlBeanDefinitionReader]Loading XML bean definitions from file [E:\IdeaProject\SpringAOP\target\classes\spring\spring-config.xml]
[INFO] [2017-10-22 09:03:49][org.springframework.context.support.ClassPathXmlApplicationContext]Refreshing org.springframework.context.support.ClassPathXmlApplicationContext@3ac42916: startup date [Sun Oct 22 09:03:49 CST 2017]; root of context hierarchy
[INFO] [2017-10-22 09:03:50][org.springframework.beans.factory.xml.XmlBeanDefinitionReader]Loading XML bean definitions from file [E:\IdeaProject\SpringAOP\target\classes\spring\spring-config.xml]
[INFO] [2017-10-22 09:04:17][org.springframework.context.support.ClassPathXmlApplicationContext]Refreshing org.springframework.context.support.ClassPathXmlApplicationContext@3ac42916: startup date [Sun Oct 22 09:04:17 CST 2017]; root of context hierarchy
[INFO] [2017-10-22 09:04:17][org.springframework.beans.factory.xml.XmlBeanDefinitionReader]Loading XML bean definitions from file [E:\IdeaProject\SpringAOP\target\classes\spring\spring-config.xml]
[INFO] [2017-10-22 09:06:38][org.springframework.context.support.ClassPathXmlApplicationContext]Refreshing org.springframework.context.support.ClassPathXmlApplicationContext@3ac42916: startup date [Sun Oct 22 09:06:38 CST 2017]; root of context hierarchy
[INFO] [2017-10-22 09:06:38][org.springframework.beans.factory.xml.XmlBeanDefinitionReader]Loading XML bean definitions from file [E:\IdeaProject\SpringAOP\target\classes\spring\spring-config.xml]
[INFO] [2017-10-22 09:19:56][org.springframework.context.support.ClassPathXmlApplicationContext]Refreshing org.springframework.context.support.ClassPathXmlApplicationContext@3ac42916: startup date [Sun Oct 22 09:19:56 CST 2017]; root of context hierarchy
[INFO] [2017-10-22 09:19:56][org.springframework.beans.factory.xml.XmlBeanDefinitionReader]Loading XML bean definitions from file [E:\IdeaProject\SpringAOP\target\classes\spring\spring-config.xml]
[INFO] [2017-10-22 10:25:20][org.springframework.test.context.support.DefaultTestContextBootstrapper]Loaded default TestExecutionListener class names from location [META-INF/spring.factories]: [org.springframework.test.context.web.ServletTestExecutionListener, org.springframework.test.context.support.DirtiesContextBeforeModesTestExecutionListener, org.springframework.test.context.support.DependencyInjectionTestExecutionListener, org.springframework.test.context.support.DirtiesContextTestExecutionListener, org.springframework.test.context.transaction.TransactionalTestExecutionListener, org.springframework.test.context.jdbc.SqlScriptsTestExecutionListener]
[INFO] [2017-10-22 10:25:20][org.springframework.test.context.support.DefaultTestContextBootstrapper]Could not instantiate TestExecutionListener [org.springframework.test.context.transaction.TransactionalTestExecutionListener]. Specify custom listener classes or make the default listener classes (and their required dependencies) available. Offending class: [org/springframework/transaction/interceptor/TransactionAttributeSource]
[INFO] [2017-10-22 10:25:20][org.springframework.test.context.support.DefaultTestContextBootstrapper]Could not instantiate TestExecutionListener [org.springframework.test.context.jdbc.SqlScriptsTestExecutionListener]. Specify custom listener classes or make the default listener classes (and their required dependencies) available. Offending class: [org/springframework/transaction/interceptor/TransactionAttribute]
[INFO] [2017-10-22 10:25:20][org.springframework.test.context.support.DefaultTestContextBootstrapper]Could not instantiate TestExecutionListener [org.springframework.test.context.web.ServletTestExecutionListener]. Specify custom listener classes or make the default listener classes (and their required dependencies) available. Offending class: [javax/servlet/ServletContext]
[INFO] [2017-10-22 10:25:20][org.springframework.test.context.support.DefaultTestContextBootstrapper]Using TestExecutionListeners: [org.springframework.test.context.support.DirtiesContextBeforeModesTestExecutionListener@2c6a3f77, org.springframework.test.context.support.DependencyInjectionTestExecutionListener@246ae04d, org.springframework.test.context.support.DirtiesContextTestExecutionListener@62043840]
[ERROR] [2017-10-22 10:25:20][org.springframework.test.context.TestContextManager]Caught exception while allowing TestExecutionListener [org.springframework.test.context.support.DependencyInjectionTestExecutionListener@246ae04d] to prepare test instance [TestAOP@7a765367]
java.lang.IllegalStateException: Failed to load ApplicationContext
	at org.springframework.test.context.cache.DefaultCacheAwareContextLoaderDelegate.loadContext(DefaultCacheAwareContextLoaderDelegate.java:124)
	at org.springframework.test.context.support.DefaultTestContext.getApplicationContext(DefaultTestContext.java:83)
	at org.springframework.test.context.support.DependencyInjectionTestExecutionListener.injectDependencies(DependencyInjectionTestExecutionListener.java:117)
	at org.springframework.test.context.support.DependencyInjectionTestExecutionListener.prepareTestInstance(DependencyInjectionTestExecutionListener.java:83)
	at org.springframework.test.context.TestContextManager.prepareTestInstance(TestContextManager.java:228)
	at org.springframework.test.context.junit4.SpringJUnit4ClassRunner.createTest(SpringJUnit4ClassRunner.java:230)
	at org.springframework.test.context.junit4.SpringJUnit4ClassRunner$1.runReflectiveCall(SpringJUnit4ClassRunner.java:289)
	at org.junit.internal.runners.model.ReflectiveCallable.run(ReflectiveCallable.java:12)
	at org.springframework.test.context.junit4.SpringJUnit4ClassRunner.methodBlock(SpringJUnit4ClassRunner.java:291)
	at org.springframework.test.context.junit4.SpringJUnit4ClassRunner.runChild(SpringJUnit4ClassRunner.java:249)
	at org.springframework.test.context.junit4.SpringJUnit4ClassRunner.runChild(SpringJUnit4ClassRunner.java:89)
	at org.junit.runners.ParentRunner$3.run(ParentRunner.java:238)
	at org.junit.runners.ParentRunner$1.schedule(ParentRunner.java:63)
	at org.junit.runners.ParentRunner.runChildren(ParentRunner.java:236)
	at org.junit.runners.ParentRunner.access$000(ParentRunner.java:53)
	at org.junit.runners.ParentRunner$2.evaluate(ParentRunner.java:229)
	at org.springframework.test.context.junit4.statements.RunBeforeTestClassCallbacks.evaluate(RunBeforeTestClassCallbacks.java:61)
	at org.springframework.test.context.junit4.statements.RunAfterTestClassCallbacks.evaluate(RunAfterTestClassCallbacks.java:70)
	at org.junit.runners.ParentRunner.run(ParentRunner.java:309)
	at org.springframework.test.context.junit4.SpringJUnit4ClassRunner.run(SpringJUnit4ClassRunner.java:193)
	at org.junit.runner.JUnitCore.run(JUnitCore.java:160)
	at com.intellij.junit4.JUnit4IdeaTestRunner.startRunnerWithArgs(JUnit4IdeaTestRunner.java:68)
	at com.intellij.rt.execution.junit.IdeaTestRunner$Repeater.startRunnerWithArgs(IdeaTestRunner.java:47)
	at com.intellij.rt.execution.junit.JUnitStarter.prepareStreamsAndStart(JUnitStarter.java:242)
	at com.intellij.rt.execution.junit.JUnitStarter.main(JUnitStarter.java:70)
Caused by: org.springframework.beans.factory.BeanDefinitionStoreException: Could not resolve bean definition resource pattern [classpath://spring/spring-*.xml]; nested exception is java.io.FileNotFoundException: class path resource [spring/] cannot be resolved to URL because it does not exist
	at org.springframework.beans.factory.support.AbstractBeanDefinitionReader.loadBeanDefinitions(AbstractBeanDefinitionReader.java:229)
	at org.springframework.beans.factory.support.AbstractBeanDefinitionReader.loadBeanDefinitions(AbstractBeanDefinitionReader.java:188)
	at org.springframework.beans.factory.support.AbstractBeanDefinitionReader.loadBeanDefinitions(AbstractBeanDefinitionReader.java:252)
	at org.springframework.test.context.support.AbstractGenericContextLoader.loadBeanDefinitions(AbstractGenericContextLoader.java:253)
	at org.springframework.test.context.support.AbstractGenericContextLoader.loadContext(AbstractGenericContextLoader.java:122)
	at org.springframework.test.context.support.AbstractGenericContextLoader.loadContext(AbstractGenericContextLoader.java:60)
	at org.springframework.test.context.support.AbstractDelegatingSmartContextLoader.delegateLoading(AbstractDelegatingSmartContextLoader.java:109)
	at org.springframework.test.context.support.AbstractDelegatingSmartContextLoader.loadContext(AbstractDelegatingSmartContextLoader.java:261)
	at org.springframework.test.context.cache.DefaultCacheAwareContextLoaderDelegate.loadContextInternal(DefaultCacheAwareContextLoaderDelegate.java:98)
	at org.springframework.test.context.cache.DefaultCacheAwareContextLoaderDelegate.loadContext(DefaultCacheAwareContextLoaderDelegate.java:116)
	... 24 more
Caused by: java.io.FileNotFoundException: class path resource [spring/] cannot be resolved to URL because it does not exist
	at org.springframework.core.io.ClassPathResource.getURL(ClassPathResource.java:187)
	at org.springframework.core.io.support.PathMatchingResourcePatternResolver.findPathMatchingResources(PathMatchingResourcePatternResolver.java:419)
	at org.springframework.core.io.support.PathMatchingResourcePatternResolver.getResources(PathMatchingResourcePatternResolver.java:287)
	at org.springframework.context.support.AbstractApplicationContext.getResources(AbstractApplicationContext.java:1269)
	at org.springframework.context.support.GenericApplicationContext.getResources(GenericApplicationContext.java:225)
	at org.springframework.beans.factory.support.AbstractBeanDefinitionReader.loadBeanDefinitions(AbstractBeanDefinitionReader.java:216)
	... 33 more
[INFO] [2017-10-22 10:25:56][org.springframework.test.context.support.DefaultTestContextBootstrapper]Loaded default TestExecutionListener class names from location [META-INF/spring.factories]: [org.springframework.test.context.web.ServletTestExecutionListener, org.springframework.test.context.support.DirtiesContextBeforeModesTestExecutionListener, org.springframework.test.context.support.DependencyInjectionTestExecutionListener, org.springframework.test.context.support.DirtiesContextTestExecutionListener, org.springframework.test.context.transaction.TransactionalTestExecutionListener, org.springframework.test.context.jdbc.SqlScriptsTestExecutionListener]
[INFO] [2017-10-22 10:25:56][org.springframework.test.context.support.DefaultTestContextBootstrapper]Could not instantiate TestExecutionListener [org.springframework.test.context.transaction.TransactionalTestExecutionListener]. Specify custom listener classes or make the default listener classes (and their required dependencies) available. Offending class: [org/springframework/transaction/interceptor/TransactionAttributeSource]
[INFO] [2017-10-22 10:25:56][org.springframework.test.context.support.DefaultTestContextBootstrapper]Could not instantiate TestExecutionListener [org.springframework.test.context.jdbc.SqlScriptsTestExecutionListener]. Specify custom listener classes or make the default listener classes (and their required dependencies) available. Offending class: [org/springframework/transaction/interceptor/TransactionAttribute]
[INFO] [2017-10-22 10:25:56][org.springframework.test.context.support.DefaultTestContextBootstrapper]Could not instantiate TestExecutionListener [org.springframework.test.context.web.ServletTestExecutionListener]. Specify custom listener classes or make the default listener classes (and their required dependencies) available. Offending class: [javax/servlet/ServletContext]
[INFO] [2017-10-22 10:25:56][org.springframework.test.context.support.DefaultTestContextBootstrapper]Using TestExecutionListeners: [org.springframework.test.context.support.DirtiesContextBeforeModesTestExecutionListener@2c6a3f77, org.springframework.test.context.support.DependencyInjectionTestExecutionListener@246ae04d, org.springframework.test.context.support.DirtiesContextTestExecutionListener@62043840]
[INFO] [2017-10-22 10:25:56][org.springframework.beans.factory.xml.XmlBeanDefinitionReader]Loading XML bean definitions from class path resource [spring/spring-config.xml]
[ERROR] [2017-10-22 10:25:56][org.springframework.test.context.TestContextManager]Caught exception while allowing TestExecutionListener [org.springframework.test.context.support.DependencyInjectionTestExecutionListener@246ae04d] to prepare test instance [TestAOP@17d677df]
java.lang.IllegalStateException: Failed to load ApplicationContext
	at org.springframework.test.context.cache.DefaultCacheAwareContextLoaderDelegate.loadContext(DefaultCacheAwareContextLoaderDelegate.java:124)
	at org.springframework.test.context.support.DefaultTestContext.getApplicationContext(DefaultTestContext.java:83)
	at org.springframework.test.context.support.DependencyInjectionTestExecutionListener.injectDependencies(DependencyInjectionTestExecutionListener.java:117)
	at org.springframework.test.context.support.DependencyInjectionTestExecutionListener.prepareTestInstance(DependencyInjectionTestExecutionListener.java:83)
	at org.springframework.test.context.TestContextManager.prepareTestInstance(TestContextManager.java:228)
	at org.springframework.test.context.junit4.SpringJUnit4ClassRunner.createTest(SpringJUnit4ClassRunner.java:230)
	at org.springframework.test.context.junit4.SpringJUnit4ClassRunner$1.runReflectiveCall(SpringJUnit4ClassRunner.java:289)
	at org.junit.internal.runners.model.ReflectiveCallable.run(ReflectiveCallable.java:12)
	at org.springframework.test.context.junit4.SpringJUnit4ClassRunner.methodBlock(SpringJUnit4ClassRunner.java:291)
	at org.springframework.test.context.junit4.SpringJUnit4ClassRunner.runChild(SpringJUnit4ClassRunner.java:249)
	at org.springframework.test.context.junit4.SpringJUnit4ClassRunner.runChild(SpringJUnit4ClassRunner.java:89)
	at org.junit.runners.ParentRunner$3.run(ParentRunner.java:238)
	at org.junit.runners.ParentRunner$1.schedule(ParentRunner.java:63)
	at org.junit.runners.ParentRunner.runChildren(ParentRunner.java:236)
	at org.junit.runners.ParentRunner.access$000(ParentRunner.java:53)
	at org.junit.runners.ParentRunner$2.evaluate(ParentRunner.java:229)
	at org.springframework.test.context.junit4.statements.RunBeforeTestClassCallbacks.evaluate(RunBeforeTestClassCallbacks.java:61)
	at org.springframework.test.context.junit4.statements.RunAfterTestClassCallbacks.evaluate(RunAfterTestClassCallbacks.java:70)
	at org.junit.runners.ParentRunner.run(ParentRunner.java:309)
	at org.springframework.test.context.junit4.SpringJUnit4ClassRunner.run(SpringJUnit4ClassRunner.java:193)
	at org.junit.runner.JUnitCore.run(JUnitCore.java:160)
	at com.intellij.junit4.JUnit4IdeaTestRunner.startRunnerWithArgs(JUnit4IdeaTestRunner.java:68)
	at com.intellij.rt.execution.junit.IdeaTestRunner$Repeater.startRunnerWithArgs(IdeaTestRunner.java:47)
	at com.intellij.rt.execution.junit.JUnitStarter.prepareStreamsAndStart(JUnitStarter.java:242)
	at com.intellij.rt.execution.junit.JUnitStarter.main(JUnitStarter.java:70)
Caused by: org.springframework.beans.factory.BeanDefinitionStoreException: IOException parsing XML document from class path resource [spring/spring-config.xml]; nested exception is java.io.FileNotFoundException: class path resource [spring/spring-config.xml] cannot be opened because it does not exist
	at org.springframework.beans.factory.xml.XmlBeanDefinitionReader.loadBeanDefinitions(XmlBeanDefinitionReader.java:344)
	at org.springframework.beans.factory.xml.XmlBeanDefinitionReader.loadBeanDefinitions(XmlBeanDefinitionReader.java:304)
	at org.springframework.beans.factory.support.AbstractBeanDefinitionReader.loadBeanDefinitions(AbstractBeanDefinitionReader.java:181)
	at org.springframework.beans.factory.support.AbstractBeanDefinitionReader.loadBeanDefinitions(AbstractBeanDefinitionReader.java:217)
	at org.springframework.beans.factory.support.AbstractBeanDefinitionReader.loadBeanDefinitions(AbstractBeanDefinitionReader.java:188)
	at org.springframework.beans.factory.support.AbstractBeanDefinitionReader.loadBeanDefinitions(AbstractBeanDefinitionReader.java:252)
	at org.springframework.test.context.support.AbstractGenericContextLoader.loadBeanDefinitions(AbstractGenericContextLoader.java:253)
	at org.springframework.test.context.support.AbstractGenericContextLoader.loadContext(AbstractGenericContextLoader.java:122)
	at org.springframework.test.context.support.AbstractGenericContextLoader.loadContext(AbstractGenericContextLoader.java:60)
	at org.springframework.test.context.support.AbstractDelegatingSmartContextLoader.delegateLoading(AbstractDelegatingSmartContextLoader.java:109)
	at org.springframework.test.context.support.AbstractDelegatingSmartContextLoader.loadContext(AbstractDelegatingSmartContextLoader.java:261)
	at org.springframework.test.context.cache.DefaultCacheAwareContextLoaderDelegate.loadContextInternal(DefaultCacheAwareContextLoaderDelegate.java:98)
	at org.springframework.test.context.cache.DefaultCacheAwareContextLoaderDelegate.loadContext(DefaultCacheAwareContextLoaderDelegate.java:116)
	... 24 more
Caused by: java.io.FileNotFoundException: class path resource [spring/spring-config.xml] cannot be opened because it does not exist
	at org.springframework.core.io.ClassPathResource.getInputStream(ClassPathResource.java:172)
	at org.springframework.beans.factory.xml.XmlBeanDefinitionReader.loadBeanDefinitions(XmlBeanDefinitionReader.java:330)
	... 36 more
[INFO] [2017-10-22 10:26:25][org.springframework.test.context.support.DefaultTestContextBootstrapper]Loaded default TestExecutionListener class names from location [META-INF/spring.factories]: [org.springframework.test.context.web.ServletTestExecutionListener, org.springframework.test.context.support.DirtiesContextBeforeModesTestExecutionListener, org.springframework.test.context.support.DependencyInjectionTestExecutionListener, org.springframework.test.context.support.DirtiesContextTestExecutionListener, org.springframework.test.context.transaction.TransactionalTestExecutionListener, org.springframework.test.context.jdbc.SqlScriptsTestExecutionListener]
[INFO] [2017-10-22 10:26:25][org.springframework.test.context.support.DefaultTestContextBootstrapper]Could not instantiate TestExecutionListener [org.springframework.test.context.transaction.TransactionalTestExecutionListener]. Specify custom listener classes or make the default listener classes (and their required dependencies) available. Offending class: [org/springframework/transaction/interceptor/TransactionAttributeSource]
[INFO] [2017-10-22 10:26:25][org.springframework.test.context.support.DefaultTestContextBootstrapper]Could not instantiate TestExecutionListener [org.springframework.test.context.jdbc.SqlScriptsTestExecutionListener]. Specify custom listener classes or make the default listener classes (and their required dependencies) available. Offending class: [org/springframework/transaction/interceptor/TransactionAttribute]
[INFO] [2017-10-22 10:26:25][org.springframework.test.context.support.DefaultTestContextBootstrapper]Could not instantiate TestExecutionListener [org.springframework.test.context.web.ServletTestExecutionListener]. Specify custom listener classes or make the default listener classes (and their required dependencies) available. Offending class: [javax/servlet/ServletContext]
[INFO] [2017-10-22 10:26:25][org.springframework.test.context.support.DefaultTestContextBootstrapper]Using TestExecutionListeners: [org.springframework.test.context.support.DirtiesContextBeforeModesTestExecutionListener@2c6a3f77, org.springframework.test.context.support.DependencyInjectionTestExecutionListener@246ae04d, org.springframework.test.context.support.DirtiesContextTestExecutionListener@62043840]
[INFO] [2017-10-22 10:26:26][org.springframework.beans.factory.xml.XmlBeanDefinitionReader]Loading XML bean definitions from class path resource [spring/spring-config.xml]
[INFO] [2017-10-22 10:26:26][org.springframework.context.support.GenericApplicationContext]Refreshing org.springframework.context.support.GenericApplicationContext@100fc185: startup date [Sun Oct 22 10:26:26 CST 2017]; root of context hierarchy
[INFO] [2017-10-22 10:26:28][org.springframework.context.support.GenericApplicationContext]Closing org.springframework.context.support.GenericApplicationContext@100fc185: startup date [Sun Oct 22 10:26:26 CST 2017]; root of context hierarchy
[INFO] [2017-10-22 10:28:55][org.springframework.test.context.support.DefaultTestContextBootstrapper]Loaded default TestExecutionListener class names from location [META-INF/spring.factories]: [org.springframework.test.context.web.ServletTestExecutionListener, org.springframework.test.context.support.DirtiesContextBeforeModesTestExecutionListener, org.springframework.test.context.support.DependencyInjectionTestExecutionListener, org.springframework.test.context.support.DirtiesContextTestExecutionListener, org.springframework.test.context.transaction.TransactionalTestExecutionListener, org.springframework.test.context.jdbc.SqlScriptsTestExecutionListener]
[INFO] [2017-10-22 10:28:55][org.springframework.test.context.support.DefaultTestContextBootstrapper]Could not instantiate TestExecutionListener [org.springframework.test.context.transaction.TransactionalTestExecutionListener]. Specify custom listener classes or make the default listener classes (and their required dependencies) available. Offending class: [org/springframework/transaction/interceptor/TransactionAttributeSource]
[INFO] [2017-10-22 10:28:55][org.springframework.test.context.support.DefaultTestContextBootstrapper]Could not instantiate TestExecutionListener [org.springframework.test.context.jdbc.SqlScriptsTestExecutionListener]. Specify custom listener classes or make the default listener classes (and their required dependencies) available. Offending class: [org/springframework/transaction/interceptor/TransactionAttribute]
[INFO] [2017-10-22 10:28:55][org.springframework.test.context.support.DefaultTestContextBootstrapper]Could not instantiate TestExecutionListener [org.springframework.test.context.web.ServletTestExecutionListener]. Specify custom listener classes or make the default listener classes (and their required dependencies) available. Offending class: [javax/servlet/ServletContext]
[INFO] [2017-10-22 10:28:55][org.springframework.test.context.support.DefaultTestContextBootstrapper]Using TestExecutionListeners: [org.springframework.test.context.support.DirtiesContextBeforeModesTestExecutionListener@2c6a3f77, org.springframework.test.context.support.DependencyInjectionTestExecutionListener@246ae04d, org.springframework.test.context.support.DirtiesContextTestExecutionListener@62043840]
[INFO] [2017-10-22 10:28:55][org.springframework.beans.factory.xml.XmlBeanDefinitionReader]Loading XML bean definitions from class path resource [spring/spring-config.xml]
[INFO] [2017-10-22 10:28:55][org.springframework.context.support.GenericApplicationContext]Refreshing org.springframework.context.support.GenericApplicationContext@100fc185: startup date [Sun Oct 22 10:28:55 CST 2017]; root of context hierarchy
[INFO] [2017-10-22 10:28:56][org.springframework.context.support.GenericApplicationContext]Closing org.springframework.context.support.GenericApplicationContext@100fc185: startup date [Sun Oct 22 10:28:55 CST 2017]; root of context hierarchy
[INFO] [2017-10-22 10:31:10][org.springframework.context.support.ClassPathXmlApplicationContext]Refreshing org.springframework.context.support.ClassPathXmlApplicationContext@3930015a: startup date [Sun Oct 22 10:31:10 CST 2017]; root of context hierarchy
[INFO] [2017-10-22 10:31:11][org.springframework.beans.factory.xml.XmlBeanDefinitionReader]Loading XML bean definitions from file [E:\IdeaProject\SpringAOP\target\classes\spring\spring-config.xml]
[INFO] [2017-10-22 10:31:55][org.springframework.context.support.ClassPathXmlApplicationContext]Refreshing org.springframework.context.support.ClassPathXmlApplicationContext@3930015a: startup date [Sun Oct 22 10:31:55 CST 2017]; root of context hierarchy
[INFO] [2017-10-22 10:31:55][org.springframework.beans.factory.xml.XmlBeanDefinitionReader]Loading XML bean definitions from file [E:\IdeaProject\SpringAOP\target\classes\spring\spring-config.xml]
[INFO] [2017-10-22 10:32:14][org.springframework.context.support.ClassPathXmlApplicationContext]Refreshing org.springframework.context.support.ClassPathXmlApplicationContext@7276c8cd: startup date [Sun Oct 22 10:32:14 CST 2017]; root of context hierarchy
[INFO] [2017-10-22 10:32:14][org.springframework.beans.factory.xml.XmlBeanDefinitionReader]Loading XML bean definitions from file [E:\IdeaProject\SpringAOP\target\classes\spring\spring-config.xml]
